{"/home/anusha/Documents/e_commerce/src/App.tsx": {"path":"/home/anusha/Documents/e_commerce/src/App.tsx","statementMap":{"0":{"start":{"line":1,"column":0},"end":{"line":1,"column":44}},"1":{"start":{"line":2,"column":0},"end":{"line":2,"column":41}},"2":{"start":{"line":3,"column":0},"end":{"line":3,"column":43}},"3":{"start":{"line":4,"column":0},"end":{"line":4,"column":51}},"4":{"start":{"line":7,"column":12},"end":{"line":78,"column":1}},"5":{"start":{"line":8,"column":50},"end":{"line":8,"column":70}},"6":{"start":{"line":9,"column":38},"end":{"line":9,"column":58}},"7":{"start":{"line":10,"column":34},"end":{"line":10,"column":57}},"8":{"start":{"line":11,"column":32},"end":{"line":11,"column":55}},"9":{"start":{"line":13,"column":2},"end":{"line":44,"column":9}},"10":{"start":{"line":14,"column":26},"end":{"line":41,"column":6}},"11":{"start":{"line":14,"column":37},"end":{"line":41,"column":6}},"12":{"start":{"line":15,"column":6},"end":{"line":15,"column":23}},"13":{"start":{"line":16,"column":6},"end":{"line":39,"column":7}},"14":{"start":{"line":17,"column":25},"end":{"line":34,"column":10}},"15":{"start":{"line":35,"column":25},"end":{"line":35,"column":46}},"16":{"start":{"line":36,"column":8},"end":{"line":36,"column":35}},"17":{"start":{"line":38,"column":8},"end":{"line":38,"column":58}},"18":{"start":{"line":40,"column":6},"end":{"line":40,"column":24}},"19":{"start":{"line":43,"column":4},"end":{"line":43,"column":20}},"20":{"start":{"line":46,"column":31},"end":{"line":48,"column":3}},"21":{"start":{"line":47,"column":4},"end":{"line":47,"column":34}},"22":{"start":{"line":50,"column":27},"end":{"line":52,"column":3}},"23":{"start":{"line":51,"column":4},"end":{"line":51,"column":65}},"24":{"start":{"line":51,"column":34},"end":{"line":51,"column":63}},"25":{"start":{"line":54,"column":27},"end":{"line":59,"column":null}},"26":{"start":{"line":56,"column":6},"end":{"line":59,"column":15}},"27":{"start":{"line":62,"column":2},"end":{"line":64,"column":3}},"28":{"start":{"line":63,"column":4},"end":{"line":63,"column":33}},"29":{"start":{"line":66,"column":2},"end":{"line":77,"column":4}},"30":{"start":{"line":80,"column":0},"end":{"line":80,"column":19}}},"fnMap":{"0":{"name":"(anonymous_8)","decl":{"start":{"line":7,"column":12},"end":{"line":7,"column":15}},"loc":{"start":{"line":7,"column":17},"end":{"line":78,"column":1}}},"1":{"name":"(anonymous_9)","decl":{"start":{"line":13,"column":12},"end":{"line":13,"column":15}},"loc":{"start":{"line":13,"column":17},"end":{"line":44,"column":3}}},"2":{"name":"(anonymous_10)","decl":{"start":{"line":14,"column":26},"end":{"line":14,"column":35}},"loc":{"start":{"line":14,"column":37},"end":{"line":41,"column":6}}},"3":{"name":"(anonymous_11)","decl":{"start":{"line":14,"column":37},"end":{"line":14,"column":null}},"loc":{"start":{"line":14,"column":37},"end":{"line":41,"column":5}}},"4":{"name":"(anonymous_12)","decl":{"start":{"line":46,"column":31},"end":{"line":46,"column":32}},"loc":{"start":{"line":46,"column":52},"end":{"line":48,"column":3}}},"5":{"name":"(anonymous_13)","decl":{"start":{"line":50,"column":27},"end":{"line":50,"column":28}},"loc":{"start":{"line":50,"column":51},"end":{"line":52,"column":3}}},"6":{"name":"(anonymous_14)","decl":{"start":{"line":51,"column":16},"end":{"line":51,"column":17}},"loc":{"start":{"line":51,"column":34},"end":{"line":51,"column":63}}},"7":{"name":"(anonymous_15)","decl":{"start":{"line":55,"column":4},"end":{"line":55,"column":5}},"loc":{"start":{"line":56,"column":6},"end":{"line":59,"column":15}}}},"branchMap":{"0":{"loc":{"start":{"line":56,"column":6},"end":{"line":59,"column":15}},"type":"binary-expr","locations":[{"start":{"line":56,"column":7},"end":{"line":56,"column":70}},{"start":{"line":57,"column":7},"end":{"line":59,"column":14}}]},"1":{"loc":{"start":{"line":56,"column":7},"end":{"line":56,"column":70}},"type":"cond-expr","locations":[{"start":{"line":56,"column":26},"end":{"line":56,"column":63}},{"start":{"line":56,"column":66},"end":{"line":56,"column":70}}]},"2":{"loc":{"start":{"line":57,"column":7},"end":{"line":59,"column":14}},"type":"cond-expr","locations":[{"start":{"line":58,"column":10},"end":{"line":58,"column":72}},{"start":{"line":59,"column":10},"end":{"line":59,"column":14}}]},"3":{"loc":{"start":{"line":62,"column":2},"end":{"line":64,"column":3}},"type":"if","locations":[{"start":{"line":62,"column":2},"end":{"line":64,"column":3}}]}},"s":{"0":1,"1":1,"2":1,"3":1,"4":1,"5":2,"6":2,"7":2,"8":2,"9":2,"10":1,"11":1,"12":1,"13":1,"14":1,"15":0,"16":0,"17":1,"18":1,"19":1,"20":2,"21":0,"22":2,"23":0,"24":0,"25":2,"26":0,"27":2,"28":1,"29":1,"30":1},"f":{"0":2,"1":1,"2":1,"3":1,"4":0,"5":0,"6":0,"7":0},"b":{"0":[0,0],"1":[0,0],"2":[0,0],"3":[1]}}
,"/home/anusha/Documents/e_commerce/src/components/Navbar.tsx": {"path":"/home/anusha/Documents/e_commerce/src/components/Navbar.tsx","statementMap":{"0":{"start":{"line":1,"column":0},"end":{"line":1,"column":64}},"1":{"start":{"line":2,"column":0},"end":{"line":2,"column":null}},"2":{"start":{"line":9,"column":0},"end":{"line":9,"column":52}},"3":{"start":{"line":10,"column":0},"end":{"line":10,"column":50}},"4":{"start":{"line":11,"column":0},"end":{"line":11,"column":33}},"5":{"start":{"line":18,"column":38},"end":{"line":76,"column":1}},"6":{"start":{"line":19,"column":48},"end":{"line":19,"column":68}},"7":{"start":{"line":21,"column":28},"end":{"line":24,"column":3}},"8":{"start":{"line":22,"column":4},"end":{"line":22,"column":27}},"9":{"start":{"line":23,"column":4},"end":{"line":23,"column":22}},"10":{"start":{"line":26,"column":29},"end":{"line":30,"column":3}},"11":{"start":{"line":27,"column":18},"end":{"line":27,"column":32}},"12":{"start":{"line":28,"column":4},"end":{"line":28,"column":30}},"13":{"start":{"line":29,"column":4},"end":{"line":29,"column":25}},"14":{"start":{"line":32,"column":2},"end":{"line":75,"column":4}},"15":{"start":{"line":78,"column":0},"end":{"line":78,"column":22}}},"fnMap":{"0":{"name":"(anonymous_1)","decl":{"start":{"line":18,"column":38},"end":{"line":18,"column":39}},"loc":{"start":{"line":18,"column":60},"end":{"line":76,"column":1}}},"1":{"name":"(anonymous_2)","decl":{"start":{"line":21,"column":28},"end":{"line":21,"column":31}},"loc":{"start":{"line":21,"column":33},"end":{"line":24,"column":3}}},"2":{"name":"(anonymous_3)","decl":{"start":{"line":26,"column":29},"end":{"line":26,"column":30}},"loc":{"start":{"line":26,"column":72},"end":{"line":30,"column":3}}}},"branchMap":{"0":{"loc":{"start":{"line":53,"column":21},"end":{"line":64,"column":null}},"type":"cond-expr","locations":[{"start":{"line":54,"column":22},"end":{"line":59,"column":null}},{"start":{"line":62,"column":22},"end":{"line":63,"column":null}}]}},"s":{"0":2,"1":2,"2":2,"3":2,"4":2,"5":2,"6":3,"7":3,"8":0,"9":0,"10":3,"11":1,"12":1,"13":1,"14":3,"15":2},"f":{"0":3,"1":0,"2":1},"b":{"0":[1,2]}}
,"/home/anusha/Documents/e_commerce/src/components/ProductCard.tsx": {"path":"/home/anusha/Documents/e_commerce/src/components/ProductCard.tsx","statementMap":{"0":{"start":{"line":1,"column":0},"end":{"line":1,"column":null}},"1":{"start":{"line":10,"column":0},"end":{"line":10,"column":33}},"2":{"start":{"line":25,"column":48},"end":{"line":79,"column":1}},"3":{"start":{"line":26,"column":44},"end":{"line":26,"column":76}},"4":{"start":{"line":28,"column":29},"end":{"line":35,"column":3}},"5":{"start":{"line":32,"column":4},"end":{"line":34,"column":5}},"6":{"start":{"line":33,"column":6},"end":{"line":33,"column":34}},"7":{"start":{"line":37,"column":2},"end":{"line":78,"column":4}},"8":{"start":{"line":81,"column":0},"end":{"line":81,"column":27}}},"fnMap":{"0":{"name":"(anonymous_0)","decl":{"start":{"line":25,"column":48},"end":{"line":25,"column":49}},"loc":{"start":{"line":25,"column":64},"end":{"line":79,"column":1}}},"1":{"name":"(anonymous_1)","decl":{"start":{"line":28,"column":29},"end":{"line":28,"column":null}},"loc":{"start":{"line":31,"column":6},"end":{"line":35,"column":3}}}},"branchMap":{"0":{"loc":{"start":{"line":32,"column":4},"end":{"line":34,"column":5}},"type":"if","locations":[{"start":{"line":32,"column":4},"end":{"line":34,"column":5}}]}},"s":{"0":3,"1":3,"2":3,"3":3,"4":3,"5":0,"6":0,"7":3,"8":3},"f":{"0":3,"1":0},"b":{"0":[0]}}
,"/home/anusha/Documents/e_commerce/src/components/ProductList.tsx": {"path":"/home/anusha/Documents/e_commerce/src/components/ProductList.tsx","statementMap":{"0":{"start":{"line":2,"column":0},"end":{"line":2,"column":48}},"1":{"start":{"line":3,"column":0},"end":{"line":3,"column":40}},"2":{"start":{"line":18,"column":48},"end":{"line":62,"column":1}},"3":{"start":{"line":19,"column":2},"end":{"line":61,"column":4}},"4":{"start":{"line":30,"column":12},"end":{"line":30,"column":42}},"5":{"start":{"line":64,"column":0},"end":{"line":64,"column":27}}},"fnMap":{"0":{"name":"(anonymous_1)","decl":{"start":{"line":18,"column":48},"end":{"line":18,"column":49}},"loc":{"start":{"line":18,"column":65},"end":{"line":62,"column":1}}},"1":{"name":"(anonymous_2)","decl":{"start":{"line":29,"column":24},"end":{"line":29,"column":25}},"loc":{"start":{"line":30,"column":12},"end":{"line":30,"column":42}}}},"branchMap":{"0":{"loc":{"start":{"line":21,"column":7},"end":{"line":58,"column":null}},"type":"cond-expr","locations":[{"start":{"line":22,"column":8},"end":{"line":31,"column":null}},{"start":{"line":34,"column":8},"end":{"line":57,"column":null}}]}},"s":{"0":2,"1":2,"2":2,"3":2,"4":2,"5":2},"f":{"0":2,"1":2},"b":{"0":[1,1]}}
,"/home/anusha/Documents/e_commerce/src/components/Sidebar.tsx": {"path":"/home/anusha/Documents/e_commerce/src/components/Sidebar.tsx","statementMap":{"0":{"start":{"line":1,"column":0},"end":{"line":1,"column":40}},"1":{"start":{"line":2,"column":0},"end":{"line":2,"column":74}},"2":{"start":{"line":3,"column":0},"end":{"line":3,"column":50}},"3":{"start":{"line":5,"column":13},"end":{"line":28,"column":2}},"4":{"start":{"line":45,"column":40},"end":{"line":188,"column":1}},"5":{"start":{"line":49,"column":26},"end":{"line":49,"column":41}},"6":{"start":{"line":50,"column":38},"end":{"line":57,"column":4}},"7":{"start":{"line":59,"column":42},"end":{"line":59,"column":71}},"8":{"start":{"line":61,"column":26},"end":{"line":61,"column":53}},"9":{"start":{"line":63,"column":21},"end":{"line":63,"column":40}},"10":{"start":{"line":63,"column":27},"end":{"line":63,"column":40}},"11":{"start":{"line":64,"column":22},"end":{"line":64,"column":42}},"12":{"start":{"line":64,"column":28},"end":{"line":64,"column":42}},"13":{"start":{"line":66,"column":28},"end":{"line":72,"column":3}},"14":{"start":{"line":67,"column":28},"end":{"line":67,"column":36}},"15":{"start":{"line":68,"column":4},"end":{"line":71,"column":7}},"16":{"start":{"line":74,"column":27},"end":{"line":94,"column":4}},"17":{"start":{"line":74,"column":38},"end":{"line":94,"column":4}},"18":{"start":{"line":75,"column":4},"end":{"line":93,"column":5}},"19":{"start":{"line":76,"column":23},"end":{"line":84,"column":8}},"20":{"start":{"line":86,"column":6},"end":{"line":86,"column":39}},"21":{"start":{"line":87,"column":6},"end":{"line":87,"column":20}},"22":{"start":{"line":89,"column":6},"end":{"line":89,"column":54}},"23":{"start":{"line":90,"column":6},"end":{"line":92,"column":8}},"24":{"start":{"line":96,"column":2},"end":{"line":187,"column":4}},"25":{"start":{"line":98,"column":29},"end":{"line":98,"column":49}},"26":{"start":{"line":99,"column":29},"end":{"line":99,"column":55}},"27":{"start":{"line":100,"column":29},"end":{"line":100,"column":59}},"28":{"start":{"line":101,"column":29},"end":{"line":101,"column":58}},"29":{"start":{"line":102,"column":29},"end":{"line":102,"column":58}},"30":{"start":{"line":190,"column":0},"end":{"line":190,"column":23}}},"fnMap":{"0":{"name":"(anonymous_7)","decl":{"start":{"line":45,"column":40},"end":{"line":45,"column":41}},"loc":{"start":{"line":48,"column":5},"end":{"line":188,"column":1}}},"1":{"name":"(anonymous_8)","decl":{"start":{"line":63,"column":21},"end":{"line":63,"column":24}},"loc":{"start":{"line":63,"column":27},"end":{"line":63,"column":40}}},"2":{"name":"(anonymous_9)","decl":{"start":{"line":64,"column":22},"end":{"line":64,"column":25}},"loc":{"start":{"line":64,"column":28},"end":{"line":64,"column":42}}},"3":{"name":"(anonymous_10)","decl":{"start":{"line":66,"column":28},"end":{"line":66,"column":29}},"loc":{"start":{"line":66,"column":71},"end":{"line":72,"column":3}}},"4":{"name":"(anonymous_11)","decl":{"start":{"line":74,"column":27},"end":{"line":74,"column":36}},"loc":{"start":{"line":74,"column":38},"end":{"line":94,"column":4}}},"5":{"name":"(anonymous_12)","decl":{"start":{"line":74,"column":38},"end":{"line":74,"column":null}},"loc":{"start":{"line":74,"column":38},"end":{"line":94,"column":3}}},"6":{"name":"(anonymous_13)","decl":{"start":{"line":98,"column":23},"end":{"line":98,"column":26}},"loc":{"start":{"line":98,"column":29},"end":{"line":98,"column":49}}},"7":{"name":"(anonymous_14)","decl":{"start":{"line":99,"column":23},"end":{"line":99,"column":26}},"loc":{"start":{"line":99,"column":29},"end":{"line":99,"column":55}}},"8":{"name":"(anonymous_15)","decl":{"start":{"line":100,"column":23},"end":{"line":100,"column":26}},"loc":{"start":{"line":100,"column":29},"end":{"line":100,"column":59}}},"9":{"name":"(anonymous_16)","decl":{"start":{"line":101,"column":23},"end":{"line":101,"column":26}},"loc":{"start":{"line":101,"column":29},"end":{"line":101,"column":58}}},"10":{"name":"(anonymous_17)","decl":{"start":{"line":102,"column":23},"end":{"line":102,"column":26}},"loc":{"start":{"line":102,"column":29},"end":{"line":102,"column":58}}}},"branchMap":{"0":{"loc":{"start":{"line":70,"column":14},"end":{"line":70,"column":79}},"type":"cond-expr","locations":[{"start":{"line":70,"column":54},"end":{"line":70,"column":71}},{"start":{"line":70,"column":74},"end":{"line":70,"column":79}}]},"1":{"loc":{"start":{"line":70,"column":14},"end":{"line":70,"column":51}},"type":"binary-expr","locations":[{"start":{"line":70,"column":14},"end":{"line":70,"column":30}},{"start":{"line":70,"column":34},"end":{"line":70,"column":51}}]},"2":{"loc":{"start":{"line":171,"column":11},"end":{"line":174,"column":null}},"type":"binary-expr","locations":[{"start":{"line":171,"column":11},"end":{"line":171,"column":23}},{"start":{"line":172,"column":12},"end":{"line":173,"column":null}}]}},"s":{"0":2,"1":2,"2":2,"3":2,"4":2,"5":10,"6":10,"7":10,"8":10,"9":10,"10":1,"11":10,"12":1,"13":10,"14":5,"15":5,"16":10,"17":1,"18":1,"19":1,"20":1,"21":1,"22":0,"23":0,"24":10,"25":0,"26":0,"27":0,"28":0,"29":0,"30":2},"f":{"0":10,"1":1,"2":1,"3":5,"4":1,"5":1,"6":0,"7":0,"8":0,"9":0,"10":0},"b":{"0":[2,3],"1":[5,4],"2":[10,0]}}
}
