TN:
SF:src/apollo/client.ts
FNF:0
FNH:0
DA:1,1
DA:8,1
DA:10,1
DA:12,1
DA:17,1
LF:5
LH:5
BRF:0
BRH:0
end_of_record
TN:
SF:src/components/LoginPage.tsx
FN:15,(anonymous_7)
FN:21,(anonymous_8)
FN:21,(anonymous_9)
FN:60,(anonymous_10)
FN:70,(anonymous_11)
FNF:5
FNH:5
FNDA:5,(anonymous_7)
FNDA:1,(anonymous_8)
FNDA:1,(anonymous_9)
FNDA:1,(anonymous_10)
FNDA:1,(anonymous_11)
DA:1,1
DA:2,1
DA:3,1
DA:4,1
DA:5,1
DA:15,1
DA:16,5
DA:17,5
DA:18,5
DA:19,5
DA:21,5
DA:22,1
DA:23,1
DA:24,1
DA:25,0
DA:27,0
DA:28,0
DA:30,0
DA:31,0
DA:33,1
DA:34,1
DA:38,5
DA:60,1
DA:70,1
DA:96,1
LF:25
LH:20
BRDA:83,0,0,5
BRDA:83,0,1,1
BRF:2
BRH:2
end_of_record
TN:
SF:src/components/Navbar.tsx
FN:24,(anonymous_1)
FN:33,(anonymous_2)
FN:38,(anonymous_3)
FN:44,(anonymous_4)
FNF:4
FNH:4
FNDA:9,(anonymous_1)
FNDA:1,(anonymous_2)
FNDA:2,(anonymous_3)
FNDA:1,(anonymous_4)
DA:1,1
DA:2,1
DA:11,1
DA:12,1
DA:13,1
DA:14,1
DA:24,1
DA:30,9
DA:31,9
DA:33,9
DA:34,1
DA:35,1
DA:38,9
DA:39,2
DA:40,2
DA:41,2
DA:44,9
DA:45,1
DA:46,1
DA:47,1
DA:50,9
DA:102,1
LF:22
LH:22
BRDA:68,0,0,2
BRDA:68,0,1,7
BRF:2
BRH:2
end_of_record
TN:
SF:src/components/ProductCard.tsx
FN:30,(anonymous_1)
FN:33,(anonymous_2)
FN:87,(anonymous_3)
FNF:3
FNH:2
FNDA:5,(anonymous_1)
FNDA:0,(anonymous_2)
FNDA:1,(anonymous_3)
DA:3,2
DA:13,2
DA:14,2
DA:30,2
DA:31,5
DA:33,5
DA:37,0
DA:38,0
DA:42,5
DA:87,1
DA:96,2
LF:11
LH:9
BRDA:37,0,0,0
BRDA:60,1,0,5
BRDA:60,1,1,0
BRF:3
BRH:1
end_of_record
TN:
SF:src/components/ProductList.tsx
FN:14,(anonymous_1)
FN:31,(anonymous_2)
FN:77,(anonymous_3)
FN:88,(anonymous_4)
FNF:4
FNH:2
FNDA:1,(anonymous_1)
FNDA:2,(anonymous_2)
FNDA:0,(anonymous_3)
FNDA:0,(anonymous_4)
DA:2,1
DA:3,1
DA:14,1
DA:21,1
DA:32,2
DA:77,0
DA:88,0
DA:98,1
LF:8
LH:6
BRDA:23,0,0,1
BRDA:23,0,1,0
BRF:2
BRH:1
end_of_record
TN:
SF:src/components/RegisterPage.tsx
FN:16,(anonymous_7)
FN:23,(anonymous_8)
FN:23,(anonymous_9)
FN:49,(anonymous_10)
FN:60,(anonymous_11)
FN:70,(anonymous_12)
FN:77,(anonymous_13)
FNF:7
FNH:1
FNDA:1,(anonymous_7)
FNDA:0,(anonymous_8)
FNDA:0,(anonymous_9)
FNDA:0,(anonymous_10)
FNDA:0,(anonymous_11)
FNDA:0,(anonymous_12)
FNDA:0,(anonymous_13)
DA:1,1
DA:2,1
DA:3,1
DA:14,1
DA:16,1
DA:17,1
DA:18,1
DA:19,1
DA:20,1
DA:21,1
DA:23,1
DA:24,0
DA:25,0
DA:26,0
DA:28,0
DA:32,1
DA:50,0
DA:51,0
DA:60,0
DA:70,0
DA:77,0
DA:102,1
LF:22
LH:13
BRDA:47,0,0,1
BRDA:47,0,1,0
BRF:2
BRH:1
end_of_record
TN:
SF:src/components/Sidebar.tsx
FN:38,(anonymous_7)
FN:56,(anonymous_8)
FN:62,(anonymous_9)
FN:74,(anonymous_10)
FN:89,(anonymous_11)
FN:114,(anonymous_12)
FN:114,(anonymous_13)
FN:134,(anonymous_14)
FN:158,(anonymous_15)
FN:159,(anonymous_16)
FN:160,(anonymous_17)
FN:161,(anonymous_18)
FN:162,(anonymous_19)
FNF:13
FNH:7
FNDA:18,(anonymous_7)
FNDA:2,(anonymous_8)
FNDA:1,(anonymous_9)
FNDA:10,(anonymous_10)
FNDA:2,(anonymous_11)
FNDA:2,(anonymous_12)
FNDA:2,(anonymous_13)
FNDA:0,(anonymous_14)
FNDA:0,(anonymous_15)
FNDA:0,(anonymous_16)
FNDA:0,(anonymous_17)
FNDA:0,(anonymous_18)
FNDA:0,(anonymous_19)
DA:1,1
DA:2,1
DA:3,1
DA:6,1
DA:38,1
DA:44,18
DA:45,18
DA:52,18
DA:54,18
DA:56,18
DA:57,2
DA:58,2
DA:62,18
DA:63,1
DA:64,1
DA:65,1
DA:74,18
DA:75,10
DA:76,10
DA:77,10
DA:78,4
DA:79,4
DA:80,0
DA:83,10
DA:89,18
DA:90,2
DA:97,0
DA:98,0
DA:100,2
DA:105,0
DA:108,0
DA:110,2
DA:111,2
DA:114,18
DA:115,2
DA:117,2
DA:118,2
DA:128,1
DA:129,1
DA:130,1
DA:132,1
DA:133,1
DA:135,0
DA:143,1
DA:144,1
DA:147,1
DA:148,1
DA:150,0
DA:151,0
DA:156,18
DA:158,0
DA:159,0
DA:160,0
DA:161,0
DA:162,0
DA:257,1
LF:56
LH:43
BRDA:57,0,0,2
BRDA:77,1,0,4
BRDA:77,2,0,10
BRDA:77,2,1,8
BRDA:79,3,0,0
BRDA:90,4,0,0
BRDA:91,5,0,2
BRDA:91,5,1,2
BRDA:91,5,2,2
BRDA:91,5,3,2
BRDA:91,5,4,2
BRDA:100,6,0,0
BRDA:101,7,0,2
BRDA:101,7,1,2
BRDA:101,7,2,2
BRDA:115,8,0,0
BRDA:132,9,0,1
BRDA:132,9,1,0
BRDA:143,10,0,1
BRDA:148,11,0,1
BRDA:148,11,1,0
BRDA:164,12,0,18
BRDA:164,12,1,18
BRDA:237,13,0,18
BRDA:237,13,1,1
BRF:25
BRH:19
end_of_record
TN:
SF:src/services/authServiceLogin.ts
FN:16,(anonymous_7)
FN:19,(anonymous_8)
FN:39,(anonymous_9)
FNF:3
FNH:0
FNDA:0,(anonymous_7)
FNDA:0,(anonymous_8)
FNDA:0,(anonymous_9)
DA:1,1
DA:3,1
DA:8,1
DA:16,1
DA:19,0
DA:20,0
DA:21,0
DA:26,0
DA:27,0
DA:29,0
DA:32,0
DA:33,0
DA:34,0
DA:36,0
DA:39,0
DA:42,0
DA:45,0
DA:46,0
DA:47,0
DA:50,0
LF:20
LH:4
BRDA:26,0,0,0
BRDA:26,0,1,0
BRDA:26,1,0,0
BRDA:26,1,1,0
BRDA:26,1,2,0
BRDA:32,2,0,0
BRDA:36,3,0,0
BRDA:36,3,1,0
BRDA:45,4,0,0
BRF:9
BRH:0
end_of_record
TN:
SF:src/services/authServiceRegister.ts
FN:5,(anonymous_8)
FN:9,(anonymous_9)
FNF:2
FNH:0
FNDA:0,(anonymous_8)
FNDA:0,(anonymous_9)
DA:1,1
DA:3,1
DA:5,1
DA:9,0
DA:10,0
DA:11,0
DA:23,0
DA:25,0
DA:26,0
LF:9
LH:3
BRF:0
BRH:0
end_of_record
