TN:
SF:src/App.tsx
FN:7,(anonymous_8)
FN:13,(anonymous_9)
FN:14,(anonymous_10)
FN:14,(anonymous_11)
FN:46,(anonymous_12)
FN:50,(anonymous_13)
FN:51,(anonymous_14)
FN:55,(anonymous_15)
FNF:8
FNH:4
FNDA:2,(anonymous_8)
FNDA:1,(anonymous_9)
FNDA:1,(anonymous_10)
FNDA:1,(anonymous_11)
FNDA:0,(anonymous_12)
FNDA:0,(anonymous_13)
FNDA:0,(anonymous_14)
FNDA:0,(anonymous_15)
DA:1,1
DA:2,1
DA:3,1
DA:4,1
DA:7,1
DA:8,2
DA:9,2
DA:10,2
DA:11,2
DA:13,2
DA:14,1
DA:15,1
DA:16,1
DA:17,1
DA:35,0
DA:36,0
DA:38,1
DA:40,1
DA:43,1
DA:46,2
DA:47,0
DA:50,2
DA:51,0
DA:54,2
DA:56,0
DA:62,2
DA:63,1
DA:66,1
DA:80,1
LF:29
LH:24
BRDA:56,0,0,0
BRDA:56,0,1,0
BRDA:56,1,0,0
BRDA:56,1,1,0
BRDA:57,2,0,0
BRDA:57,2,1,0
BRDA:62,3,0,1
BRF:7
BRH:1
end_of_record
TN:
SF:src/components/Navbar.tsx
FN:18,(anonymous_1)
FN:21,(anonymous_2)
FN:26,(anonymous_3)
FNF:3
FNH:2
FNDA:3,(anonymous_1)
FNDA:0,(anonymous_2)
FNDA:1,(anonymous_3)
DA:1,2
DA:2,2
DA:9,2
DA:10,2
DA:11,2
DA:18,2
DA:19,3
DA:21,3
DA:22,0
DA:23,0
DA:26,3
DA:27,1
DA:28,1
DA:29,1
DA:32,3
DA:78,2
LF:16
LH:14
BRDA:53,0,0,1
BRDA:53,0,1,2
BRF:2
BRH:2
end_of_record
TN:
SF:src/components/ProductCard.tsx
FN:25,(anonymous_0)
FN:28,(anonymous_1)
FNF:2
FNH:1
FNDA:3,(anonymous_0)
FNDA:0,(anonymous_1)
DA:1,3
DA:10,3
DA:25,3
DA:26,3
DA:28,3
DA:32,0
DA:33,0
DA:37,3
DA:81,3
LF:9
LH:7
BRDA:32,0,0,0
BRF:1
BRH:0
end_of_record
TN:
SF:src/components/ProductList.tsx
FN:18,(anonymous_1)
FN:29,(anonymous_2)
FNF:2
FNH:2
FNDA:2,(anonymous_1)
FNDA:2,(anonymous_2)
DA:2,2
DA:3,2
DA:18,2
DA:19,2
DA:30,2
DA:64,2
LF:6
LH:6
BRDA:21,0,0,1
BRDA:21,0,1,1
BRF:2
BRH:2
end_of_record
TN:
SF:src/components/Sidebar.tsx
FN:45,(anonymous_7)
FN:63,(anonymous_8)
FN:64,(anonymous_9)
FN:66,(anonymous_10)
FN:74,(anonymous_11)
FN:74,(anonymous_12)
FN:98,(anonymous_13)
FN:99,(anonymous_14)
FN:100,(anonymous_15)
FN:101,(anonymous_16)
FN:102,(anonymous_17)
FNF:11
FNH:6
FNDA:10,(anonymous_7)
FNDA:1,(anonymous_8)
FNDA:1,(anonymous_9)
FNDA:5,(anonymous_10)
FNDA:1,(anonymous_11)
FNDA:1,(anonymous_12)
FNDA:0,(anonymous_13)
FNDA:0,(anonymous_14)
FNDA:0,(anonymous_15)
FNDA:0,(anonymous_16)
FNDA:0,(anonymous_17)
DA:1,2
DA:2,2
DA:3,2
DA:5,2
DA:45,2
DA:49,10
DA:50,10
DA:59,10
DA:61,10
DA:63,10
DA:64,10
DA:66,10
DA:67,5
DA:68,5
DA:74,10
DA:75,1
DA:76,1
DA:86,1
DA:87,1
DA:89,0
DA:90,0
DA:96,10
DA:98,0
DA:99,0
DA:100,0
DA:101,0
DA:102,0
DA:190,2
LF:28
LH:21
BRDA:70,0,0,2
BRDA:70,0,1,3
BRDA:70,1,0,5
BRDA:70,1,1,4
BRDA:171,2,0,10
BRDA:171,2,1,0
BRF:6
BRH:5
end_of_record
